[2025-05-07T04:27:50.355+0000] {local_task_job_runner.py:123} INFO - ::group::Pre task execution logs
[2025-05-07T04:27:50.392+0000] {taskinstance.py:2612} INFO - Dependencies all met for dep_context=non-requeueable deps ti=<TaskInstance: BuildELT_dbt.dbt_run manual__2025-05-07T04:27:48.843259+00:00 [queued]>
[2025-05-07T04:27:50.408+0000] {taskinstance.py:2612} INFO - Dependencies all met for dep_context=requeueable deps ti=<TaskInstance: BuildELT_dbt.dbt_run manual__2025-05-07T04:27:48.843259+00:00 [queued]>
[2025-05-07T04:27:50.409+0000] {taskinstance.py:2865} INFO - Starting attempt 1 of 1
[2025-05-07T04:27:50.434+0000] {taskinstance.py:2888} INFO - Executing <Task(BashOperator): dbt_run> on 2025-05-07 04:27:48.843259+00:00
[2025-05-07T04:27:50.445+0000] {standard_task_runner.py:104} INFO - Running: ['***', 'tasks', 'run', 'BuildELT_dbt', 'dbt_run', 'manual__2025-05-07T04:27:48.843259+00:00', '--job-id', '18', '--raw', '--subdir', 'DAGS_FOLDER/build_elt_with_dbt.py', '--cfg-path', '/tmp/tmpuf49lw60']
[2025-05-07T04:27:50.448+0000] {standard_task_runner.py:105} INFO - Job 18: Subtask dbt_run
[2025-05-07T04:27:50.448+0000] {logging_mixin.py:190} WARNING - /home/***/.local/lib/python3.12/site-packages/***/task/task_runner/standard_task_runner.py:70 DeprecationWarning: This process (pid=196) is multi-threaded, use of fork() may lead to deadlocks in the child.
[2025-05-07T04:27:50.451+0000] {standard_task_runner.py:72} INFO - Started process 197 to run task
[2025-05-07T04:27:50.564+0000] {task_command.py:467} INFO - Running <TaskInstance: BuildELT_dbt.dbt_run manual__2025-05-07T04:27:48.843259+00:00 [running]> on host ca199e5cd8ba
[2025-05-07T04:27:50.752+0000] {taskinstance.py:3131} INFO - Exporting env vars: AIRFLOW_CTX_DAG_OWNER='***' AIRFLOW_CTX_DAG_ID='BuildELT_dbt' AIRFLOW_CTX_TASK_ID='dbt_run' AIRFLOW_CTX_EXECUTION_DATE='2025-05-07T04:27:48.843259+00:00' AIRFLOW_CTX_TRY_NUMBER='1' AIRFLOW_CTX_DAG_RUN_ID='manual__2025-05-07T04:27:48.843259+00:00'
[2025-05-07T04:27:50.753+0000] {taskinstance.py:731} INFO - ::endgroup::
[2025-05-07T04:27:50.848+0000] {subprocess.py:63} INFO - Tmp dir root location: /tmp
[2025-05-07T04:27:50.856+0000] {subprocess.py:75} INFO - Running command: ['/usr/bin/bash', '-c', '/home/***/.local/bin/dbt run --profiles-dir /opt/***/final_project_dbt --project-dir /opt/***/final_project_dbt']
[2025-05-07T04:27:50.869+0000] {subprocess.py:86} INFO - Output:
[2025-05-07T04:27:54.607+0000] {subprocess.py:93} INFO - [0m04:27:54  Running with dbt=1.9.4
[2025-05-07T04:27:55.999+0000] {subprocess.py:93} INFO - [0m04:27:55  Registered adapter: snowflake=1.9.4
[2025-05-07T04:27:58.219+0000] {subprocess.py:93} INFO - [0m04:27:58  Found 9 models, 1 snapshot, 10 data tests, 4 sources, 476 macros
[2025-05-07T04:27:58.238+0000] {subprocess.py:93} INFO - [0m04:27:58
[2025-05-07T04:27:58.240+0000] {subprocess.py:93} INFO - [0m04:27:58  Concurrency: 1 threads (target='dev')
[2025-05-07T04:27:58.241+0000] {subprocess.py:93} INFO - [0m04:27:58
[2025-05-07T04:28:02.854+0000] {subprocess.py:93} INFO - [0m04:28:02  1 of 9 START sql view model analytics.stg_live_rankings ........................ [RUN]
[2025-05-07T04:28:03.316+0000] {subprocess.py:93} INFO - [0m04:28:03  1 of 9 OK created sql view model analytics.stg_live_rankings ................... [[32mSUCCESS 1[0m in 0.46s]
[2025-05-07T04:28:03.320+0000] {subprocess.py:93} INFO - [0m04:28:03  2 of 9 START sql view model analytics.stg_raw_matches .......................... [RUN]
[2025-05-07T04:28:05.274+0000] {subprocess.py:93} INFO - [0m04:28:05  2 of 9 OK created sql view model analytics.stg_raw_matches ..................... [[32mSUCCESS 1[0m in 1.95s]
[2025-05-07T04:28:05.278+0000] {subprocess.py:93} INFO - [0m04:28:05  3 of 9 START sql view model analytics.stg_raw_players .......................... [RUN]
[2025-05-07T04:28:05.617+0000] {subprocess.py:93} INFO - [0m04:28:05  3 of 9 OK created sql view model analytics.stg_raw_players ..................... [[32mSUCCESS 1[0m in 0.34s]
[2025-05-07T04:28:05.623+0000] {subprocess.py:93} INFO - [0m04:28:05  4 of 9 START sql view model analytics.stg_raw_rankings ......................... [RUN]
[2025-05-07T04:28:06.091+0000] {subprocess.py:93} INFO - [0m04:28:06  4 of 9 OK created sql view model analytics.stg_raw_rankings .................... [[32mSUCCESS 1[0m in 0.46s]
[2025-05-07T04:28:06.095+0000] {subprocess.py:93} INFO - [0m04:28:06  5 of 9 START sql table model analytics.dashboard_overview ...................... [RUN]
[2025-05-07T04:28:08.035+0000] {subprocess.py:93} INFO - [0m04:28:08  5 of 9 OK created sql table model analytics.dashboard_overview ................. [[32mSUCCESS 1[0m in 1.94s]
[2025-05-07T04:28:08.039+0000] {subprocess.py:93} INFO - [0m04:28:08  6 of 9 START sql table model analytics.matches_over_years ...................... [RUN]
[2025-05-07T04:28:10.689+0000] {subprocess.py:93} INFO - [0m04:28:10  6 of 9 OK created sql table model analytics.matches_over_years ................. [[32mSUCCESS 1[0m in 2.65s]
[2025-05-07T04:28:10.692+0000] {subprocess.py:93} INFO - [0m04:28:10  7 of 9 START sql table model analytics.player_serve_stats ...................... [RUN]
[2025-05-07T04:28:12.603+0000] {subprocess.py:93} INFO - [0m04:28:12  7 of 9 OK created sql table model analytics.player_serve_stats ................. [[32mSUCCESS 1[0m in 1.91s]
[2025-05-07T04:28:12.608+0000] {subprocess.py:93} INFO - [0m04:28:12  8 of 9 START sql table model analytics.player_wins_by_surface .................. [RUN]
[2025-05-07T04:28:14.031+0000] {subprocess.py:93} INFO - [0m04:28:14  8 of 9 OK created sql table model analytics.player_wins_by_surface ............. [[32mSUCCESS 1[0m in 1.42s]
[2025-05-07T04:28:14.034+0000] {subprocess.py:93} INFO - [0m04:28:14  9 of 9 START sql table model analytics.player_ranking_history .................. [RUN]
[2025-05-07T04:28:16.968+0000] {subprocess.py:93} INFO - [0m04:28:16  9 of 9 OK created sql table model analytics.player_ranking_history ............. [[32mSUCCESS 1[0m in 2.93s]
[2025-05-07T04:28:17.077+0000] {subprocess.py:93} INFO - [0m04:28:17
[2025-05-07T04:28:17.078+0000] {subprocess.py:93} INFO - [0m04:28:17  Finished running 5 table models, 4 view models in 0 hours 0 minutes and 18.83 seconds (18.83s).
[2025-05-07T04:28:17.157+0000] {subprocess.py:93} INFO - [0m04:28:17
[2025-05-07T04:28:17.157+0000] {subprocess.py:93} INFO - [0m04:28:17  [32mCompleted successfully[0m
[2025-05-07T04:28:17.158+0000] {subprocess.py:93} INFO - [0m04:28:17
[2025-05-07T04:28:17.158+0000] {subprocess.py:93} INFO - [0m04:28:17  Done. PASS=9 WARN=0 ERROR=0 SKIP=0 TOTAL=9
[2025-05-07T04:28:18.170+0000] {subprocess.py:97} INFO - Command exited with return code 0
[2025-05-07T04:28:18.244+0000] {taskinstance.py:340} INFO - ::group::Post task execution logs
[2025-05-07T04:28:18.245+0000] {taskinstance.py:352} INFO - Marking task as SUCCESS. dag_id=BuildELT_dbt, task_id=dbt_run, run_id=manual__2025-05-07T04:27:48.843259+00:00, execution_date=20250507T042748, start_date=20250507T042750, end_date=20250507T042818
[2025-05-07T04:28:18.282+0000] {local_task_job_runner.py:266} INFO - Task exited with return code 0
[2025-05-07T04:28:18.327+0000] {taskinstance.py:3900} INFO - 1 downstream tasks scheduled from follow-on schedule check
[2025-05-07T04:28:18.330+0000] {local_task_job_runner.py:245} INFO - ::endgroup::
