[2025-05-07T04:28:43.237+0000] {local_task_job_runner.py:123} INFO - ::group::Pre task execution logs
[2025-05-07T04:28:43.269+0000] {taskinstance.py:2612} INFO - Dependencies all met for dep_context=non-requeueable deps ti=<TaskInstance: BuildELT_dbt.dbt_run manual__2025-05-07T04:20:03.845944+00:00 [queued]>
[2025-05-07T04:28:43.290+0000] {taskinstance.py:2612} INFO - Dependencies all met for dep_context=requeueable deps ti=<TaskInstance: BuildELT_dbt.dbt_run manual__2025-05-07T04:20:03.845944+00:00 [queued]>
[2025-05-07T04:28:43.291+0000] {taskinstance.py:2865} INFO - Starting attempt 2 of 2
[2025-05-07T04:28:43.318+0000] {taskinstance.py:2888} INFO - Executing <Task(BashOperator): dbt_run> on 2025-05-07 04:20:03.845944+00:00
[2025-05-07T04:28:43.328+0000] {standard_task_runner.py:104} INFO - Running: ['***', 'tasks', 'run', 'BuildELT_dbt', 'dbt_run', 'manual__2025-05-07T04:20:03.845944+00:00', '--job-id', '21', '--raw', '--subdir', 'DAGS_FOLDER/build_elt_with_dbt.py', '--cfg-path', '/tmp/tmpuwjgcbtm']
[2025-05-07T04:28:43.332+0000] {standard_task_runner.py:105} INFO - Job 21: Subtask dbt_run
[2025-05-07T04:28:43.335+0000] {logging_mixin.py:190} WARNING - /home/***/.local/lib/python3.12/site-packages/***/task/task_runner/standard_task_runner.py:70 DeprecationWarning: This process (pid=283) is multi-threaded, use of fork() may lead to deadlocks in the child.
[2025-05-07T04:28:43.336+0000] {standard_task_runner.py:72} INFO - Started process 284 to run task
[2025-05-07T04:28:43.402+0000] {task_command.py:467} INFO - Running <TaskInstance: BuildELT_dbt.dbt_run manual__2025-05-07T04:20:03.845944+00:00 [running]> on host ca199e5cd8ba
[2025-05-07T04:28:43.534+0000] {taskinstance.py:3131} INFO - Exporting env vars: AIRFLOW_CTX_DAG_OWNER='***' AIRFLOW_CTX_DAG_ID='BuildELT_dbt' AIRFLOW_CTX_TASK_ID='dbt_run' AIRFLOW_CTX_EXECUTION_DATE='2025-05-07T04:20:03.845944+00:00' AIRFLOW_CTX_TRY_NUMBER='2' AIRFLOW_CTX_DAG_RUN_ID='manual__2025-05-07T04:20:03.845944+00:00'
[2025-05-07T04:28:43.536+0000] {taskinstance.py:731} INFO - ::endgroup::
[2025-05-07T04:28:43.576+0000] {subprocess.py:63} INFO - Tmp dir root location: /tmp
[2025-05-07T04:28:43.578+0000] {subprocess.py:75} INFO - Running command: ['/usr/bin/bash', '-c', '/home/***/.local/bin/dbt run --profiles-dir /opt/***/final_project_dbt --project-dir /opt/***/final_project_dbt']
[2025-05-07T04:28:43.595+0000] {subprocess.py:86} INFO - Output:
[2025-05-07T04:28:47.059+0000] {subprocess.py:93} INFO - [0m04:28:47  Running with dbt=1.9.4
[2025-05-07T04:28:48.516+0000] {subprocess.py:93} INFO - [0m04:28:48  Registered adapter: snowflake=1.9.4
[2025-05-07T04:28:49.197+0000] {subprocess.py:93} INFO - [0m04:28:49  Found 9 models, 1 snapshot, 10 data tests, 4 sources, 476 macros
[2025-05-07T04:28:49.200+0000] {subprocess.py:93} INFO - [0m04:28:49
[2025-05-07T04:28:49.202+0000] {subprocess.py:93} INFO - [0m04:28:49  Concurrency: 1 threads (target='dev')
[2025-05-07T04:28:49.203+0000] {subprocess.py:93} INFO - [0m04:28:49
[2025-05-07T04:28:51.910+0000] {subprocess.py:93} INFO - [0m04:28:51  1 of 9 START sql view model analytics.stg_live_rankings ........................ [RUN]
[2025-05-07T04:28:52.302+0000] {subprocess.py:93} INFO - [0m04:28:52  1 of 9 OK created sql view model analytics.stg_live_rankings ................... [[32mSUCCESS 1[0m in 0.39s]
[2025-05-07T04:28:52.307+0000] {subprocess.py:93} INFO - [0m04:28:52  2 of 9 START sql view model analytics.stg_raw_matches .......................... [RUN]
[2025-05-07T04:28:53.244+0000] {subprocess.py:93} INFO - [0m04:28:53  2 of 9 OK created sql view model analytics.stg_raw_matches ..................... [[32mSUCCESS 1[0m in 0.93s]
[2025-05-07T04:28:53.248+0000] {subprocess.py:93} INFO - [0m04:28:53  3 of 9 START sql view model analytics.stg_raw_players .......................... [RUN]
[2025-05-07T04:28:53.665+0000] {subprocess.py:93} INFO - [0m04:28:53  3 of 9 OK created sql view model analytics.stg_raw_players ..................... [[32mSUCCESS 1[0m in 0.41s]
[2025-05-07T04:28:53.669+0000] {subprocess.py:93} INFO - [0m04:28:53  4 of 9 START sql view model analytics.stg_raw_rankings ......................... [RUN]
[2025-05-07T04:28:53.947+0000] {subprocess.py:93} INFO - [0m04:28:53  4 of 9 OK created sql view model analytics.stg_raw_rankings .................... [[32mSUCCESS 1[0m in 0.28s]
[2025-05-07T04:28:53.951+0000] {subprocess.py:93} INFO - [0m04:28:53  5 of 9 START sql table model analytics.dashboard_overview ...................... [RUN]
[2025-05-07T04:28:55.395+0000] {subprocess.py:93} INFO - [0m04:28:55  5 of 9 OK created sql table model analytics.dashboard_overview ................. [[32mSUCCESS 1[0m in 1.44s]
[2025-05-07T04:28:55.399+0000] {subprocess.py:93} INFO - [0m04:28:55  6 of 9 START sql table model analytics.matches_over_years ...................... [RUN]
[2025-05-07T04:28:56.649+0000] {subprocess.py:93} INFO - [0m04:28:56  6 of 9 OK created sql table model analytics.matches_over_years ................. [[32mSUCCESS 1[0m in 1.25s]
[2025-05-07T04:28:56.655+0000] {subprocess.py:93} INFO - [0m04:28:56  7 of 9 START sql table model analytics.player_serve_stats ...................... [RUN]
[2025-05-07T04:28:58.315+0000] {subprocess.py:93} INFO - [0m04:28:58  7 of 9 OK created sql table model analytics.player_serve_stats ................. [[32mSUCCESS 1[0m in 1.66s]
[2025-05-07T04:28:58.320+0000] {subprocess.py:93} INFO - [0m04:28:58  8 of 9 START sql table model analytics.player_wins_by_surface .................. [RUN]
[2025-05-07T04:28:59.464+0000] {subprocess.py:93} INFO - [0m04:28:59  8 of 9 OK created sql table model analytics.player_wins_by_surface ............. [[32mSUCCESS 1[0m in 1.14s]
[2025-05-07T04:28:59.469+0000] {subprocess.py:93} INFO - [0m04:28:59  9 of 9 START sql table model analytics.player_ranking_history .................. [RUN]
[2025-05-07T04:29:01.727+0000] {subprocess.py:93} INFO - [0m04:29:01  9 of 9 OK created sql table model analytics.player_ranking_history ............. [[32mSUCCESS 1[0m in 2.25s]
[2025-05-07T04:29:01.961+0000] {subprocess.py:93} INFO - [0m04:29:01
[2025-05-07T04:29:01.962+0000] {subprocess.py:93} INFO - [0m04:29:01  Finished running 5 table models, 4 view models in 0 hours 0 minutes and 12.76 seconds (12.76s).
[2025-05-07T04:29:02.042+0000] {subprocess.py:93} INFO - [0m04:29:02
[2025-05-07T04:29:02.043+0000] {subprocess.py:93} INFO - [0m04:29:02  [32mCompleted successfully[0m
[2025-05-07T04:29:02.044+0000] {subprocess.py:93} INFO - [0m04:29:02
[2025-05-07T04:29:02.045+0000] {subprocess.py:93} INFO - [0m04:29:02  Done. PASS=9 WARN=0 ERROR=0 SKIP=0 TOTAL=9
[2025-05-07T04:29:02.908+0000] {subprocess.py:97} INFO - Command exited with return code 0
[2025-05-07T04:29:02.940+0000] {taskinstance.py:340} INFO - ::group::Post task execution logs
[2025-05-07T04:29:02.941+0000] {taskinstance.py:352} INFO - Marking task as SUCCESS. dag_id=BuildELT_dbt, task_id=dbt_run, run_id=manual__2025-05-07T04:20:03.845944+00:00, execution_date=20250507T042003, start_date=20250507T042843, end_date=20250507T042902
[2025-05-07T04:29:02.997+0000] {local_task_job_runner.py:266} INFO - Task exited with return code 0
[2025-05-07T04:29:03.030+0000] {taskinstance.py:3900} INFO - 0 downstream tasks scheduled from follow-on schedule check
[2025-05-07T04:29:03.033+0000] {local_task_job_runner.py:245} INFO - ::endgroup::
