[2025-05-07T04:28:32.976+0000] {local_task_job_runner.py:123} INFO - ::group::Pre task execution logs
[2025-05-07T04:28:33.005+0000] {taskinstance.py:2612} INFO - Dependencies all met for dep_context=non-requeueable deps ti=<TaskInstance: BuildELT_dbt.dbt_snapshot manual__2025-05-07T04:27:48.843259+00:00 [queued]>
[2025-05-07T04:28:33.019+0000] {taskinstance.py:2612} INFO - Dependencies all met for dep_context=requeueable deps ti=<TaskInstance: BuildELT_dbt.dbt_snapshot manual__2025-05-07T04:27:48.843259+00:00 [queued]>
[2025-05-07T04:28:33.021+0000] {taskinstance.py:2865} INFO - Starting attempt 1 of 1
[2025-05-07T04:28:33.044+0000] {taskinstance.py:2888} INFO - Executing <Task(BashOperator): dbt_snapshot> on 2025-05-07 04:27:48.843259+00:00
[2025-05-07T04:28:33.053+0000] {standard_task_runner.py:104} INFO - Running: ['***', 'tasks', 'run', 'BuildELT_dbt', 'dbt_snapshot', 'manual__2025-05-07T04:27:48.843259+00:00', '--job-id', '20', '--raw', '--subdir', 'DAGS_FOLDER/build_elt_with_dbt.py', '--cfg-path', '/tmp/tmp5vjo6n09']
[2025-05-07T04:28:33.056+0000] {standard_task_runner.py:105} INFO - Job 20: Subtask dbt_snapshot
[2025-05-07T04:28:33.058+0000] {logging_mixin.py:190} WARNING - /home/***/.local/lib/python3.12/site-packages/***/task/task_runner/standard_task_runner.py:70 DeprecationWarning: This process (pid=263) is multi-threaded, use of fork() may lead to deadlocks in the child.
[2025-05-07T04:28:33.059+0000] {standard_task_runner.py:72} INFO - Started process 264 to run task
[2025-05-07T04:28:33.139+0000] {task_command.py:467} INFO - Running <TaskInstance: BuildELT_dbt.dbt_snapshot manual__2025-05-07T04:27:48.843259+00:00 [running]> on host ca199e5cd8ba
[2025-05-07T04:28:33.288+0000] {taskinstance.py:3131} INFO - Exporting env vars: AIRFLOW_CTX_DAG_OWNER='***' AIRFLOW_CTX_DAG_ID='BuildELT_dbt' AIRFLOW_CTX_TASK_ID='dbt_snapshot' AIRFLOW_CTX_EXECUTION_DATE='2025-05-07T04:27:48.843259+00:00' AIRFLOW_CTX_TRY_NUMBER='1' AIRFLOW_CTX_DAG_RUN_ID='manual__2025-05-07T04:27:48.843259+00:00'
[2025-05-07T04:28:33.289+0000] {taskinstance.py:731} INFO - ::endgroup::
[2025-05-07T04:28:33.311+0000] {subprocess.py:63} INFO - Tmp dir root location: /tmp
[2025-05-07T04:28:33.312+0000] {subprocess.py:75} INFO - Running command: ['/usr/bin/bash', '-c', '/home/***/.local/bin/dbt snapshot --profiles-dir /opt/***/final_project_dbt --project-dir /opt/***/final_project_dbt']
[2025-05-07T04:28:33.322+0000] {subprocess.py:86} INFO - Output:
[2025-05-07T04:28:36.427+0000] {subprocess.py:93} INFO - [0m04:28:36  Running with dbt=1.9.4
[2025-05-07T04:28:37.973+0000] {subprocess.py:93} INFO - [0m04:28:37  Registered adapter: snowflake=1.9.4
[2025-05-07T04:28:38.713+0000] {subprocess.py:93} INFO - [0m04:28:38  Found 9 models, 1 snapshot, 10 data tests, 4 sources, 476 macros
[2025-05-07T04:28:38.716+0000] {subprocess.py:93} INFO - [0m04:28:38
[2025-05-07T04:28:38.718+0000] {subprocess.py:93} INFO - [0m04:28:38  Concurrency: 1 threads (target='dev')
[2025-05-07T04:28:38.721+0000] {subprocess.py:93} INFO - [0m04:28:38
[2025-05-07T04:28:41.133+0000] {subprocess.py:93} INFO - [0m04:28:41  1 of 1 START snapshot snapshot.dashboard_overview_snapshot ..................... [RUN]
[2025-05-07T04:28:46.045+0000] {subprocess.py:93} INFO - [0m04:28:46  1 of 1 OK snapshotted snapshot.dashboard_overview_snapshot ..................... [[32mSUCCESS 0[0m in 4.91s]
[2025-05-07T04:28:46.151+0000] {subprocess.py:93} INFO - [0m04:28:46
[2025-05-07T04:28:46.152+0000] {subprocess.py:93} INFO - [0m04:28:46  Finished running 1 snapshot in 0 hours 0 minutes and 7.43 seconds (7.43s).
[2025-05-07T04:28:46.229+0000] {subprocess.py:93} INFO - [0m04:28:46
[2025-05-07T04:28:46.229+0000] {subprocess.py:93} INFO - [0m04:28:46  [32mCompleted successfully[0m
[2025-05-07T04:28:46.230+0000] {subprocess.py:93} INFO - [0m04:28:46
[2025-05-07T04:28:46.231+0000] {subprocess.py:93} INFO - [0m04:28:46  Done. PASS=1 WARN=0 ERROR=0 SKIP=0 TOTAL=1
[2025-05-07T04:28:47.085+0000] {subprocess.py:97} INFO - Command exited with return code 0
[2025-05-07T04:28:47.120+0000] {taskinstance.py:340} INFO - ::group::Post task execution logs
[2025-05-07T04:28:47.121+0000] {taskinstance.py:352} INFO - Marking task as SUCCESS. dag_id=BuildELT_dbt, task_id=dbt_snapshot, run_id=manual__2025-05-07T04:27:48.843259+00:00, execution_date=20250507T042748, start_date=20250507T042833, end_date=20250507T042847
[2025-05-07T04:28:47.162+0000] {local_task_job_runner.py:266} INFO - Task exited with return code 0
[2025-05-07T04:28:47.211+0000] {taskinstance.py:3900} INFO - 0 downstream tasks scheduled from follow-on schedule check
[2025-05-07T04:28:47.215+0000] {local_task_job_runner.py:245} INFO - ::endgroup::
